\BOOKMARK [0][-]{chapter.1}{\376\377\000K\000U\000H\000E\000R\000D\000\040\000p\000a\000c\000k\000a\000g\000e}{}% 1
\BOOKMARK [1][-]{section.1.1}{\376\377\000S\000u\000b\000p\000a\000c\000k\000a\000g\000e\000s}{chapter.1}% 2
\BOOKMARK [2][-]{subsection.1.1.1}{\376\377\000K\000U\000H\000E\000R\000D\000.\000E\000x\000p\000e\000r\000i\000m\000e\000n\000t\000s\000\040\000p\000a\000c\000k\000a\000g\000e}{section.1.1}% 3
\BOOKMARK [3][-]{subsubsection.1.1.1.1}{\376\377\000S\000u\000b\000m\000o\000d\000u\000l\000e\000s}{subsection.1.1.1}% 4
\BOOKMARK [3][-]{subsubsection.1.1.1.2}{\376\377\000K\000U\000H\000E\000R\000D\000.\000E\000x\000p\000e\000r\000i\000m\000e\000n\000t\000s\000.\000M\000u\000l\000t\000i\000D\000T\000\040\000m\000o\000d\000u\000l\000e}{subsection.1.1.1}% 5
\BOOKMARK [3][-]{subsubsection.1.1.1.3}{\376\377\000K\000U\000H\000E\000R\000D\000.\000E\000x\000p\000e\000r\000i\000m\000e\000n\000t\000s\000.\000M\000u\000l\000t\000i\000L\000R\000\040\000m\000o\000d\000u\000l\000e}{subsection.1.1.1}% 6
\BOOKMARK [3][-]{subsubsection.1.1.1.4}{\376\377\000K\000U\000H\000E\000R\000D\000.\000E\000x\000p\000e\000r\000i\000m\000e\000n\000t\000s\000.\000M\000u\000l\000t\000i\000N\000B\000\040\000m\000o\000d\000u\000l\000e}{subsection.1.1.1}% 7
\BOOKMARK [3][-]{subsubsection.1.1.1.5}{\376\377\000K\000U\000H\000E\000R\000D\000.\000E\000x\000p\000e\000r\000i\000m\000e\000n\000t\000s\000.\000M\000u\000l\000t\000i\000R\000F\000\040\000m\000o\000d\000u\000l\000e}{subsection.1.1.1}% 8
\BOOKMARK [3][-]{subsubsection.1.1.1.6}{\376\377\000K\000U\000H\000E\000R\000D\000.\000E\000x\000p\000e\000r\000i\000m\000e\000n\000t\000s\000.\000M\000u\000l\000t\000i\000S\000V\000M\000\040\000m\000o\000d\000u\000l\000e}{subsection.1.1.1}% 9
\BOOKMARK [3][-]{subsubsection.1.1.1.7}{\376\377\000M\000o\000d\000u\000l\000e\000\040\000c\000o\000n\000t\000e\000n\000t\000s}{subsection.1.1.1}% 10
\BOOKMARK [1][-]{section.1.2}{\376\377\000S\000u\000b\000m\000o\000d\000u\000l\000e\000s}{chapter.1}% 11
\BOOKMARK [1][-]{section.1.3}{\376\377\000K\000U\000H\000E\000R\000D\000.\000F\000e\000a\000t\000u\000r\000e\000S\000e\000l\000e\000c\000t\000o\000r\000\040\000m\000o\000d\000u\000l\000e}{chapter.1}% 12
\BOOKMARK [1][-]{section.1.4}{\376\377\000K\000U\000H\000E\000R\000D\000.\000H\000e\000r\000d\000V\000e\000c\000t\000o\000r\000i\000z\000e\000r\000\040\000m\000o\000d\000u\000l\000e}{chapter.1}% 13
\BOOKMARK [1][-]{section.1.5}{\376\377\000K\000U\000H\000E\000R\000D\000.\000L\000a\000b\000e\000l\000S\000e\000t\000s\000\040\000m\000o\000d\000u\000l\000e}{chapter.1}% 14
\BOOKMARK [1][-]{section.1.6}{\376\377\000K\000U\000H\000E\000R\000D\000.\000L\000a\000b\000e\000l\000T\000r\000a\000n\000s\000f\000o\000r\000m\000a\000t\000i\000o\000n\000s\000\040\000m\000o\000d\000u\000l\000e}{chapter.1}% 15
\BOOKMARK [1][-]{section.1.7}{\376\377\000K\000U\000H\000E\000R\000D\000.\000M\000o\000d\000e\000l\000s\000\040\000m\000o\000d\000u\000l\000e}{chapter.1}% 16
\BOOKMARK [1][-]{section.1.8}{\376\377\000K\000U\000H\000E\000R\000D\000.\000M\000u\000l\000t\000i\000F\000e\000a\000t\000u\000r\000e\000S\000e\000l\000e\000c\000t\000o\000r\000\040\000m\000o\000d\000u\000l\000e}{chapter.1}% 17
\BOOKMARK [1][-]{section.1.9}{\376\377\000M\000o\000d\000u\000l\000e\000\040\000c\000o\000n\000t\000e\000n\000t\000s}{chapter.1}% 18
\BOOKMARK [0][-]{chapter.2}{\376\377\000I\000n\000d\000i\000c\000e\000s\000\040\000a\000n\000d\000\040\000t\000a\000b\000l\000e\000s}{}% 19
\BOOKMARK [0][-]{section*.47}{\376\377\000P\000y\000t\000h\000o\000n\000\040\000M\000o\000d\000u\000l\000e\000\040\000I\000n\000d\000e\000x}{}% 20
\BOOKMARK [0][-]{section*.48}{\376\377\000I\000n\000d\000e\000x}{}% 21
